{"/Users/kunal/VS /CRM/controllers/user.controller.js": {"path":"/Users/kunal/VS /CRM/controllers/user.controller.js","statementMap":{"0":{"start":{"line":1,"column":13},"end":{"line":1,"column":44}},"1":{"start":{"line":2,"column":24},"end":{"line":2,"column":59}},"2":{"start":{"line":3,"column":18},"end":{"line":3,"column":47}},"3":{"start":{"line":5,"column":0},"end":{"line":75,"column":1}},"4":{"start":{"line":6,"column":22},"end":{"line":6,"column":40}},"5":{"start":{"line":7,"column":24},"end":{"line":7,"column":44}},"6":{"start":{"line":8,"column":22},"end":{"line":8,"column":36}},"7":{"start":{"line":11,"column":4},"end":{"line":73,"column":6}},"8":{"start":{"line":12,"column":8},"end":{"line":22,"column":9}},"9":{"start":{"line":13,"column":12},"end":{"line":15,"column":15}},"10":{"start":{"line":18,"column":12},"end":{"line":18,"column":85}},"11":{"start":{"line":19,"column":12},"end":{"line":21,"column":14}},"12":{"start":{"line":24,"column":9},"end":{"line":73,"column":6}},"13":{"start":{"line":25,"column":8},"end":{"line":36,"column":9}},"14":{"start":{"line":26,"column":12},"end":{"line":29,"column":14}},"15":{"start":{"line":32,"column":12},"end":{"line":32,"column":106}},"16":{"start":{"line":33,"column":8},"end":{"line":35,"column":10}},"17":{"start":{"line":38,"column":9},"end":{"line":73,"column":6}},"18":{"start":{"line":39,"column":8},"end":{"line":49,"column":9}},"19":{"start":{"line":40,"column":12},"end":{"line":42,"column":14}},"20":{"start":{"line":45,"column":12},"end":{"line":45,"column":83}},"21":{"start":{"line":46,"column":8},"end":{"line":48,"column":10}},"22":{"start":{"line":51,"column":9},"end":{"line":73,"column":6}},"23":{"start":{"line":52,"column":8},"end":{"line":62,"column":9}},"24":{"start":{"line":53,"column":12},"end":{"line":55,"column":14}},"25":{"start":{"line":58,"column":12},"end":{"line":58,"column":87}},"26":{"start":{"line":59,"column":8},"end":{"line":61,"column":10}},"27":{"start":{"line":65,"column":8},"end":{"line":73,"column":5}},"28":{"start":{"line":66,"column":12},"end":{"line":66,"column":38}},"29":{"start":{"line":69,"column":12},"end":{"line":69,"column":57}},"30":{"start":{"line":70,"column":8},"end":{"line":72,"column":10}},"31":{"start":{"line":74,"column":0},"end":{"line":74,"column":35}},"32":{"start":{"line":77,"column":0},"end":{"line":90,"column":1}},"33":{"start":{"line":78,"column":20},"end":{"line":78,"column":37}},"34":{"start":{"line":79,"column":17},"end":{"line":81,"column":6}},"35":{"start":{"line":82,"column":4},"end":{"line":88,"column":5}},"36":{"start":{"line":83,"column":8},"end":{"line":83,"column":72}},"37":{"start":{"line":85,"column":8},"end":{"line":87,"column":10}},"38":{"start":{"line":92,"column":0},"end":{"line":113,"column":1}},"39":{"start":{"line":93,"column":20},"end":{"line":93,"column":37}},"40":{"start":{"line":94,"column":4},"end":{"line":112,"column":5}},"41":{"start":{"line":95,"column":21},"end":{"line":101,"column":17}},"42":{"start":{"line":103,"column":8},"end":{"line":105,"column":10}},"43":{"start":{"line":108,"column":8},"end":{"line":108,"column":61}},"44":{"start":{"line":109,"column":8},"end":{"line":111,"column":10}}},"fnMap":{"0":{"name":"(anonymous_0)","decl":{"start":{"line":5,"column":18},"end":{"line":5,"column":19}},"loc":{"start":{"line":5,"column":37},"end":{"line":75,"column":1}},"line":5},"1":{"name":"(anonymous_1)","decl":{"start":{"line":77,"column":19},"end":{"line":77,"column":20}},"loc":{"start":{"line":77,"column":38},"end":{"line":90,"column":1}},"line":77},"2":{"name":"(anonymous_2)","decl":{"start":{"line":92,"column":17},"end":{"line":92,"column":18}},"loc":{"start":{"line":92,"column":36},"end":{"line":113,"column":1}},"line":92}},"branchMap":{"0":{"loc":{"start":{"line":11,"column":4},"end":{"line":73,"column":6}},"type":"if","locations":[{"start":{"line":11,"column":4},"end":{"line":73,"column":6}},{"start":{"line":24,"column":9},"end":{"line":73,"column":6}}],"line":11},"1":{"loc":{"start":{"line":24,"column":9},"end":{"line":73,"column":6}},"type":"if","locations":[{"start":{"line":24,"column":9},"end":{"line":73,"column":6}},{"start":{"line":38,"column":9},"end":{"line":73,"column":6}}],"line":24},"2":{"loc":{"start":{"line":24,"column":12},"end":{"line":24,"column":40}},"type":"binary-expr","locations":[{"start":{"line":24,"column":12},"end":{"line":24,"column":23}},{"start":{"line":24,"column":27},"end":{"line":24,"column":40}}],"line":24},"3":{"loc":{"start":{"line":38,"column":9},"end":{"line":73,"column":6}},"type":"if","locations":[{"start":{"line":38,"column":9},"end":{"line":73,"column":6}},{"start":{"line":51,"column":9},"end":{"line":73,"column":6}}],"line":38},"4":{"loc":{"start":{"line":51,"column":9},"end":{"line":73,"column":6}},"type":"if","locations":[{"start":{"line":51,"column":9},"end":{"line":73,"column":6}},{"start":{"line":64,"column":8},"end":{"line":73,"column":6}}],"line":51},"5":{"loc":{"start":{"line":82,"column":4},"end":{"line":88,"column":5}},"type":"if","locations":[{"start":{"line":82,"column":4},"end":{"line":88,"column":5}},{"start":{"line":84,"column":9},"end":{"line":88,"column":5}}],"line":82}},"s":{"0":1,"1":1,"2":1,"3":1,"4":2,"5":2,"6":2,"7":2,"8":0,"9":0,"10":0,"11":0,"12":2,"13":0,"14":0,"15":0,"16":0,"17":2,"18":0,"19":0,"20":0,"21":0,"22":2,"23":0,"24":0,"25":0,"26":0,"27":2,"28":2,"29":1,"30":1,"31":2,"32":1,"33":2,"34":2,"35":2,"36":1,"37":1,"38":1,"39":2,"40":2,"41":2,"42":1,"43":1,"44":1},"f":{"0":2,"1":2,"2":2},"b":{"0":[0,2],"1":[0,2],"2":[2,0],"3":[0,2],"4":[0,2],"5":[1,1]},"_coverageSchema":"1a1c01bbd47fc00a2c39e90264f33305004495a9","hash":"3d7a95b98ae3aeb84160b0c5fb5d19638874bc9a"}
,"/Users/kunal/VS /CRM/models/user.model.js": {"path":"/Users/kunal/VS /CRM/models/user.model.js","statementMap":{"0":{"start":{"line":1,"column":17},"end":{"line":1,"column":36}},"1":{"start":{"line":3,"column":19},"end":{"line":54,"column":2}},"2":{"start":{"line":27,"column":12},"end":{"line":27,"column":29}},"3":{"start":{"line":33,"column":12},"end":{"line":33,"column":29}},"4":{"start":{"line":56,"column":0},"end":{"line":56,"column":52}}},"fnMap":{"0":{"name":"(anonymous_0)","decl":{"start":{"line":26,"column":17},"end":{"line":26,"column":18}},"loc":{"start":{"line":26,"column":21},"end":{"line":28,"column":9}},"line":26},"1":{"name":"(anonymous_1)","decl":{"start":{"line":32,"column":17},"end":{"line":32,"column":18}},"loc":{"start":{"line":32,"column":21},"end":{"line":34,"column":9}},"line":32}},"branchMap":{},"s":{"0":1,"1":1,"2":0,"3":0,"4":1},"f":{"0":0,"1":0},"b":{},"_coverageSchema":"1a1c01bbd47fc00a2c39e90264f33305004495a9","hash":"bcb95d4b95b6d901fdcacd2be32716b993108307"}
,"/Users/kunal/VS /CRM/tests/interceptor.js": {"path":"/Users/kunal/VS /CRM/tests/interceptor.js","statementMap":{"0":{"start":{"line":1,"column":0},"end":{"line":16,"column":1}},"1":{"start":{"line":4,"column":20},"end":{"line":4,"column":22}},"2":{"start":{"line":5,"column":8},"end":{"line":6,"column":51}},"3":{"start":{"line":7,"column":8},"end":{"line":7,"column":18}},"4":{"start":{"line":11,"column":20},"end":{"line":11,"column":22}},"5":{"start":{"line":12,"column":8},"end":{"line":13,"column":49}},"6":{"start":{"line":14,"column":8},"end":{"line":14,"column":19}}},"fnMap":{"0":{"name":"(anonymous_0)","decl":{"start":{"line":3,"column":17},"end":{"line":3,"column":18}},"loc":{"start":{"line":3,"column":23},"end":{"line":8,"column":5}},"line":3},"1":{"name":"(anonymous_1)","decl":{"start":{"line":10,"column":18},"end":{"line":10,"column":19}},"loc":{"start":{"line":10,"column":24},"end":{"line":15,"column":5}},"line":10}},"branchMap":{},"s":{"0":1,"1":6,"2":6,"3":6,"4":6,"5":6,"6":6},"f":{"0":6,"1":6},"b":{},"_coverageSchema":"1a1c01bbd47fc00a2c39e90264f33305004495a9","hash":"a2c2fee68297674e344098fdf24a0b5b01fe4de3"}
,"/Users/kunal/VS /CRM/utils/constants.js": {"path":"/Users/kunal/VS /CRM/utils/constants.js","statementMap":{"0":{"start":{"line":1,"column":0},"end":{"line":18,"column":1}}},"fnMap":{},"branchMap":{},"s":{"0":1},"f":{},"b":{},"_coverageSchema":"1a1c01bbd47fc00a2c39e90264f33305004495a9","hash":"a6179d937eeeaf26edc0d2eb25fa0fa41d7a8e4d"}
,"/Users/kunal/VS /CRM/utils/objectConverter.js": {"path":"/Users/kunal/VS /CRM/utils/objectConverter.js","statementMap":{"0":{"start":{"line":1,"column":0},"end":{"line":13,"column":1}},"1":{"start":{"line":2,"column":4},"end":{"line":2,"column":20}},"2":{"start":{"line":3,"column":4},"end":{"line":11,"column":7}},"3":{"start":{"line":4,"column":8},"end":{"line":10,"column":11}},"4":{"start":{"line":12,"column":4},"end":{"line":12,"column":22}}},"fnMap":{"0":{"name":"(anonymous_0)","decl":{"start":{"line":1,"column":23},"end":{"line":1,"column":24}},"loc":{"start":{"line":1,"column":32},"end":{"line":13,"column":1}},"line":1},"1":{"name":"(anonymous_1)","decl":{"start":{"line":3,"column":18},"end":{"line":3,"column":19}},"loc":{"start":{"line":3,"column":29},"end":{"line":11,"column":5}},"line":3}},"branchMap":{},"s":{"0":1,"1":1,"2":1,"3":1,"4":1},"f":{"0":1,"1":1},"b":{},"_coverageSchema":"1a1c01bbd47fc00a2c39e90264f33305004495a9","hash":"4ad94b7bb283510fa66f9cd5ef13ef27a074793c"}
}
