TN:
SF:controllers/user.controller.js
FN:5,(anonymous_0)
FN:77,(anonymous_1)
FN:92,(anonymous_2)
FNF:3
FNH:3
FNDA:2,(anonymous_0)
FNDA:2,(anonymous_1)
FNDA:2,(anonymous_2)
DA:1,1
DA:2,1
DA:3,1
DA:5,1
DA:6,2
DA:7,2
DA:8,2
DA:11,2
DA:12,0
DA:13,0
DA:18,0
DA:19,0
DA:24,2
DA:25,0
DA:26,0
DA:32,0
DA:33,0
DA:38,2
DA:39,0
DA:40,0
DA:45,0
DA:46,0
DA:51,2
DA:52,0
DA:53,0
DA:58,0
DA:59,0
DA:65,2
DA:66,2
DA:69,1
DA:70,1
DA:74,2
DA:77,1
DA:78,2
DA:79,2
DA:82,2
DA:83,1
DA:85,1
DA:92,1
DA:93,2
DA:94,2
DA:95,2
DA:103,1
DA:108,1
DA:109,1
LF:45
LH:29
BRDA:11,0,0,0
BRDA:11,0,1,2
BRDA:24,1,0,0
BRDA:24,1,1,2
BRDA:24,2,0,2
BRDA:24,2,1,0
BRDA:38,3,0,0
BRDA:38,3,1,2
BRDA:51,4,0,0
BRDA:51,4,1,2
BRDA:82,5,0,1
BRDA:82,5,1,1
BRF:12
BRH:7
end_of_record
TN:
SF:models/user.model.js
FN:26,(anonymous_0)
FN:32,(anonymous_1)
FNF:2
FNH:0
FNDA:0,(anonymous_0)
FNDA:0,(anonymous_1)
DA:1,1
DA:3,1
DA:27,0
DA:33,0
DA:56,1
LF:5
LH:3
BRF:0
BRH:0
end_of_record
TN:
SF:tests/interceptor.js
FN:3,(anonymous_0)
FN:10,(anonymous_1)
FNF:2
FNH:2
FNDA:6,(anonymous_0)
FNDA:6,(anonymous_1)
DA:1,1
DA:4,6
DA:5,6
DA:7,6
DA:11,6
DA:12,6
DA:14,6
LF:7
LH:7
BRF:0
BRH:0
end_of_record
TN:
SF:utils/constants.js
FNF:0
FNH:0
DA:1,1
LF:1
LH:1
BRF:0
BRH:0
end_of_record
TN:
SF:utils/objectConverter.js
FN:1,(anonymous_0)
FN:3,(anonymous_1)
FNF:2
FNH:2
FNDA:1,(anonymous_0)
FNDA:1,(anonymous_1)
DA:1,1
DA:2,1
DA:3,1
DA:4,1
DA:12,1
LF:5
LH:5
BRF:0
BRH:0
end_of_record
